The system is: Linux - 3.10.0-514.21.1.el7.x86_64 - x86_64
Compiling the CXX compiler identification source file "CMakeCXXCompilerId.cpp" succeeded.
Compiler: /opt/apps/ossw/applications/gcc/gcc-6.1/c7/bin/g++ 
Build flags: 
Id flags: 

The output was:
0


Compilation of the CXX compiler identification source "CMakeCXXCompilerId.cpp" produced "a.out"

The CXX compiler identification is GNU, found in "/h2/kazbek/UT-CHG/dgswemv2/build/CMakeFiles/3.3.2/CompilerIdCXX/a.out"

Determining if the CXX compiler works passed with the following output:
Change Dir: /h2/kazbek/UT-CHG/dgswemv2/build/CMakeFiles/CMakeTmp

Run Build Command:"/usr/bin/gmake" "cmTC_0b3d9/fast"
/usr/bin/gmake -f CMakeFiles/cmTC_0b3d9.dir/build.make CMakeFiles/cmTC_0b3d9.dir/build
gmake[1]: Entering directory `/h2/kazbek/UT-CHG/dgswemv2/build/CMakeFiles/CMakeTmp'
Building CXX object CMakeFiles/cmTC_0b3d9.dir/testCXXCompiler.cxx.o
/opt/apps/ossw/applications/gcc/gcc-6.1/c7/bin/g++     -o CMakeFiles/cmTC_0b3d9.dir/testCXXCompiler.cxx.o -c /h2/kazbek/UT-CHG/dgswemv2/build/CMakeFiles/CMakeTmp/testCXXCompiler.cxx
Linking CXX executable cmTC_0b3d9
/opt/apps/ossw/applications/cmake/cmake-3.3.2/c7/gcc-6.1/bin/cmake -E cmake_link_script CMakeFiles/cmTC_0b3d9.dir/link.txt --verbose=1
/opt/apps/ossw/applications/gcc/gcc-6.1/c7/bin/g++        CMakeFiles/cmTC_0b3d9.dir/testCXXCompiler.cxx.o  -o cmTC_0b3d9 -rdynamic 
gmake[1]: Leaving directory `/h2/kazbek/UT-CHG/dgswemv2/build/CMakeFiles/CMakeTmp'


Detecting CXX compiler ABI info compiled with the following output:
Change Dir: /h2/kazbek/UT-CHG/dgswemv2/build/CMakeFiles/CMakeTmp

Run Build Command:"/usr/bin/gmake" "cmTC_236a4/fast"
/usr/bin/gmake -f CMakeFiles/cmTC_236a4.dir/build.make CMakeFiles/cmTC_236a4.dir/build
gmake[1]: Entering directory `/h2/kazbek/UT-CHG/dgswemv2/build/CMakeFiles/CMakeTmp'
Building CXX object CMakeFiles/cmTC_236a4.dir/CMakeCXXCompilerABI.cpp.o
/opt/apps/ossw/applications/gcc/gcc-6.1/c7/bin/g++     -o CMakeFiles/cmTC_236a4.dir/CMakeCXXCompilerABI.cpp.o -c /opt/apps/ossw/applications/cmake/cmake-3.3.2/c7/gcc-6.1/share/cmake-3.3/Modules/CMakeCXXCompilerABI.cpp
Linking CXX executable cmTC_236a4
/opt/apps/ossw/applications/cmake/cmake-3.3.2/c7/gcc-6.1/bin/cmake -E cmake_link_script CMakeFiles/cmTC_236a4.dir/link.txt --verbose=1
/opt/apps/ossw/applications/gcc/gcc-6.1/c7/bin/g++       -v CMakeFiles/cmTC_236a4.dir/CMakeCXXCompilerABI.cpp.o  -o cmTC_236a4 -rdynamic  
Using built-in specs.
COLLECT_GCC=/opt/apps/ossw/applications/gcc/gcc-6.1/c7/bin/g++
COLLECT_LTO_WRAPPER=/opt/apps/ossw/applications/gcc/gcc-6.1/c7/libexec/gcc/x86_64-pc-linux-gnu/6.1.0/lto-wrapper
Target: x86_64-pc-linux-gnu
Configured with: /opt/apps/ossw/sourcesdir/gcc/gcc-6.1.0/configure --prefix=/opt/apps/ossw/applications/gcc/gcc-6.1/c7 --with-gmp=/opt/apps/ossw/libraries/gmp/gmp-6.1.0/c7 --with-mpfr=/opt/apps/ossw/libraries/mpfr/mpfr-3.1.3/c7 --with-mpc=/opt/apps/ossw/libraries/mpc/mpc-1.0.3/c7 --disable-multilib --enable-languages=c,c++,fortran --enable-lto
Thread model: posix
gcc version 6.1.0 (GCC) 
COMPILER_PATH=/opt/apps/ossw/applications/gcc/gcc-6.1/c7/libexec/gcc/x86_64-pc-linux-gnu/6.1.0/:/opt/apps/ossw/applications/gcc/gcc-6.1/c7/libexec/gcc/x86_64-pc-linux-gnu/6.1.0/:/opt/apps/ossw/applications/gcc/gcc-6.1/c7/libexec/gcc/x86_64-pc-linux-gnu/:/opt/apps/ossw/applications/gcc/gcc-6.1/c7/lib/gcc/x86_64-pc-linux-gnu/6.1.0/:/opt/apps/ossw/applications/gcc/gcc-6.1/c7/lib/gcc/x86_64-pc-linux-gnu/
LIBRARY_PATH=/opt/apps/ossw/applications/gcc/gcc-6.1/c7/lib/gcc/x86_64-pc-linux-gnu/6.1.0/:/opt/apps/ossw/applications/gcc/gcc-6.1/c7/lib/gcc/x86_64-pc-linux-gnu/6.1.0/../../../../lib64/:/lib/../lib64/:/usr/lib/../lib64/:/opt/apps/ossw/applications/gcc/gcc-6.1/c7/lib/gcc/x86_64-pc-linux-gnu/6.1.0/../../../:/lib/:/usr/lib/
COLLECT_GCC_OPTIONS='-v' '-o' 'cmTC_236a4' '-rdynamic' '-shared-libgcc' '-mtune=generic' '-march=x86-64'
 /opt/apps/ossw/applications/gcc/gcc-6.1/c7/libexec/gcc/x86_64-pc-linux-gnu/6.1.0/collect2 -plugin /opt/apps/ossw/applications/gcc/gcc-6.1/c7/libexec/gcc/x86_64-pc-linux-gnu/6.1.0/liblto_plugin.so -plugin-opt=/opt/apps/ossw/applications/gcc/gcc-6.1/c7/libexec/gcc/x86_64-pc-linux-gnu/6.1.0/lto-wrapper -plugin-opt=-fresolution=/tmp/ccVxhAbM.res -plugin-opt=-pass-through=-lgcc_s -plugin-opt=-pass-through=-lgcc -plugin-opt=-pass-through=-lc -plugin-opt=-pass-through=-lgcc_s -plugin-opt=-pass-through=-lgcc --eh-frame-hdr -m elf_x86_64 -export-dynamic -dynamic-linker /lib64/ld-linux-x86-64.so.2 -o cmTC_236a4 /lib/../lib64/crt1.o /lib/../lib64/crti.o /opt/apps/ossw/applications/gcc/gcc-6.1/c7/lib/gcc/x86_64-pc-linux-gnu/6.1.0/crtbegin.o -L/opt/apps/ossw/applications/gcc/gcc-6.1/c7/lib/gcc/x86_64-pc-linux-gnu/6.1.0 -L/opt/apps/ossw/applications/gcc/gcc-6.1/c7/lib/gcc/x86_64-pc-linux-gnu/6.1.0/../../../../lib64 -L/lib/../lib64 -L/usr/lib/../lib64 -L/opt/apps/ossw/applications/gcc/gcc-6.1/c7/lib/gcc/x86_64-pc-linux-gnu/6.1.0/../../.. CMakeFiles/cmTC_236a4.dir/CMakeCXXCompilerABI.cpp.o -lstdc++ -lm -lgcc_s -lgcc -lc -lgcc_s -lgcc /opt/apps/ossw/applications/gcc/gcc-6.1/c7/lib/gcc/x86_64-pc-linux-gnu/6.1.0/crtend.o /lib/../lib64/crtn.o
COLLECT_GCC_OPTIONS='-v' '-o' 'cmTC_236a4' '-rdynamic' '-shared-libgcc' '-mtune=generic' '-march=x86-64'
gmake[1]: Leaving directory `/h2/kazbek/UT-CHG/dgswemv2/build/CMakeFiles/CMakeTmp'


Parsed CXX implicit link information from above output:
  link line regex: [^( *|.*[/\])(ld|([^/\]+-)?ld|collect2)[^/\]*( |$)]
  ignore line: [Change Dir: /h2/kazbek/UT-CHG/dgswemv2/build/CMakeFiles/CMakeTmp]
  ignore line: []
  ignore line: [Run Build Command:"/usr/bin/gmake" "cmTC_236a4/fast"]
  ignore line: [/usr/bin/gmake -f CMakeFiles/cmTC_236a4.dir/build.make CMakeFiles/cmTC_236a4.dir/build]
  ignore line: [gmake[1]: Entering directory `/h2/kazbek/UT-CHG/dgswemv2/build/CMakeFiles/CMakeTmp']
  ignore line: [Building CXX object CMakeFiles/cmTC_236a4.dir/CMakeCXXCompilerABI.cpp.o]
  ignore line: [/opt/apps/ossw/applications/gcc/gcc-6.1/c7/bin/g++     -o CMakeFiles/cmTC_236a4.dir/CMakeCXXCompilerABI.cpp.o -c /opt/apps/ossw/applications/cmake/cmake-3.3.2/c7/gcc-6.1/share/cmake-3.3/Modules/CMakeCXXCompilerABI.cpp]
  ignore line: [Linking CXX executable cmTC_236a4]
  ignore line: [/opt/apps/ossw/applications/cmake/cmake-3.3.2/c7/gcc-6.1/bin/cmake -E cmake_link_script CMakeFiles/cmTC_236a4.dir/link.txt --verbose=1]
  ignore line: [/opt/apps/ossw/applications/gcc/gcc-6.1/c7/bin/g++       -v CMakeFiles/cmTC_236a4.dir/CMakeCXXCompilerABI.cpp.o  -o cmTC_236a4 -rdynamic  ]
  ignore line: [Using built-in specs.]
  ignore line: [COLLECT_GCC=/opt/apps/ossw/applications/gcc/gcc-6.1/c7/bin/g++]
  ignore line: [COLLECT_LTO_WRAPPER=/opt/apps/ossw/applications/gcc/gcc-6.1/c7/libexec/gcc/x86_64-pc-linux-gnu/6.1.0/lto-wrapper]
  ignore line: [Target: x86_64-pc-linux-gnu]
  ignore line: [Configured with: /opt/apps/ossw/sourcesdir/gcc/gcc-6.1.0/configure --prefix=/opt/apps/ossw/applications/gcc/gcc-6.1/c7 --with-gmp=/opt/apps/ossw/libraries/gmp/gmp-6.1.0/c7 --with-mpfr=/opt/apps/ossw/libraries/mpfr/mpfr-3.1.3/c7 --with-mpc=/opt/apps/ossw/libraries/mpc/mpc-1.0.3/c7 --disable-multilib --enable-languages=c,c++,fortran --enable-lto]
  ignore line: [Thread model: posix]
  ignore line: [gcc version 6.1.0 (GCC) ]
  ignore line: [COMPILER_PATH=/opt/apps/ossw/applications/gcc/gcc-6.1/c7/libexec/gcc/x86_64-pc-linux-gnu/6.1.0/:/opt/apps/ossw/applications/gcc/gcc-6.1/c7/libexec/gcc/x86_64-pc-linux-gnu/6.1.0/:/opt/apps/ossw/applications/gcc/gcc-6.1/c7/libexec/gcc/x86_64-pc-linux-gnu/:/opt/apps/ossw/applications/gcc/gcc-6.1/c7/lib/gcc/x86_64-pc-linux-gnu/6.1.0/:/opt/apps/ossw/applications/gcc/gcc-6.1/c7/lib/gcc/x86_64-pc-linux-gnu/]
  ignore line: [LIBRARY_PATH=/opt/apps/ossw/applications/gcc/gcc-6.1/c7/lib/gcc/x86_64-pc-linux-gnu/6.1.0/:/opt/apps/ossw/applications/gcc/gcc-6.1/c7/lib/gcc/x86_64-pc-linux-gnu/6.1.0/../../../../lib64/:/lib/../lib64/:/usr/lib/../lib64/:/opt/apps/ossw/applications/gcc/gcc-6.1/c7/lib/gcc/x86_64-pc-linux-gnu/6.1.0/../../../:/lib/:/usr/lib/]
  ignore line: [COLLECT_GCC_OPTIONS='-v' '-o' 'cmTC_236a4' '-rdynamic' '-shared-libgcc' '-mtune=generic' '-march=x86-64']
  link line: [ /opt/apps/ossw/applications/gcc/gcc-6.1/c7/libexec/gcc/x86_64-pc-linux-gnu/6.1.0/collect2 -plugin /opt/apps/ossw/applications/gcc/gcc-6.1/c7/libexec/gcc/x86_64-pc-linux-gnu/6.1.0/liblto_plugin.so -plugin-opt=/opt/apps/ossw/applications/gcc/gcc-6.1/c7/libexec/gcc/x86_64-pc-linux-gnu/6.1.0/lto-wrapper -plugin-opt=-fresolution=/tmp/ccVxhAbM.res -plugin-opt=-pass-through=-lgcc_s -plugin-opt=-pass-through=-lgcc -plugin-opt=-pass-through=-lc -plugin-opt=-pass-through=-lgcc_s -plugin-opt=-pass-through=-lgcc --eh-frame-hdr -m elf_x86_64 -export-dynamic -dynamic-linker /lib64/ld-linux-x86-64.so.2 -o cmTC_236a4 /lib/../lib64/crt1.o /lib/../lib64/crti.o /opt/apps/ossw/applications/gcc/gcc-6.1/c7/lib/gcc/x86_64-pc-linux-gnu/6.1.0/crtbegin.o -L/opt/apps/ossw/applications/gcc/gcc-6.1/c7/lib/gcc/x86_64-pc-linux-gnu/6.1.0 -L/opt/apps/ossw/applications/gcc/gcc-6.1/c7/lib/gcc/x86_64-pc-linux-gnu/6.1.0/../../../../lib64 -L/lib/../lib64 -L/usr/lib/../lib64 -L/opt/apps/ossw/applications/gcc/gcc-6.1/c7/lib/gcc/x86_64-pc-linux-gnu/6.1.0/../../.. CMakeFiles/cmTC_236a4.dir/CMakeCXXCompilerABI.cpp.o -lstdc++ -lm -lgcc_s -lgcc -lc -lgcc_s -lgcc /opt/apps/ossw/applications/gcc/gcc-6.1/c7/lib/gcc/x86_64-pc-linux-gnu/6.1.0/crtend.o /lib/../lib64/crtn.o]
    arg [/opt/apps/ossw/applications/gcc/gcc-6.1/c7/libexec/gcc/x86_64-pc-linux-gnu/6.1.0/collect2] ==> ignore
    arg [-plugin] ==> ignore
    arg [/opt/apps/ossw/applications/gcc/gcc-6.1/c7/libexec/gcc/x86_64-pc-linux-gnu/6.1.0/liblto_plugin.so] ==> ignore
    arg [-plugin-opt=/opt/apps/ossw/applications/gcc/gcc-6.1/c7/libexec/gcc/x86_64-pc-linux-gnu/6.1.0/lto-wrapper] ==> ignore
    arg [-plugin-opt=-fresolution=/tmp/ccVxhAbM.res] ==> ignore
    arg [-plugin-opt=-pass-through=-lgcc_s] ==> ignore
    arg [-plugin-opt=-pass-through=-lgcc] ==> ignore
    arg [-plugin-opt=-pass-through=-lc] ==> ignore
    arg [-plugin-opt=-pass-through=-lgcc_s] ==> ignore
    arg [-plugin-opt=-pass-through=-lgcc] ==> ignore
    arg [--eh-frame-hdr] ==> ignore
    arg [-m] ==> ignore
    arg [elf_x86_64] ==> ignore
    arg [-export-dynamic] ==> ignore
    arg [-dynamic-linker] ==> ignore
    arg [/lib64/ld-linux-x86-64.so.2] ==> ignore
    arg [-o] ==> ignore
    arg [cmTC_236a4] ==> ignore
    arg [/lib/../lib64/crt1.o] ==> ignore
    arg [/lib/../lib64/crti.o] ==> ignore
    arg [/opt/apps/ossw/applications/gcc/gcc-6.1/c7/lib/gcc/x86_64-pc-linux-gnu/6.1.0/crtbegin.o] ==> ignore
    arg [-L/opt/apps/ossw/applications/gcc/gcc-6.1/c7/lib/gcc/x86_64-pc-linux-gnu/6.1.0] ==> dir [/opt/apps/ossw/applications/gcc/gcc-6.1/c7/lib/gcc/x86_64-pc-linux-gnu/6.1.0]
    arg [-L/opt/apps/ossw/applications/gcc/gcc-6.1/c7/lib/gcc/x86_64-pc-linux-gnu/6.1.0/../../../../lib64] ==> dir [/opt/apps/ossw/applications/gcc/gcc-6.1/c7/lib/gcc/x86_64-pc-linux-gnu/6.1.0/../../../../lib64]
    arg [-L/lib/../lib64] ==> dir [/lib/../lib64]
    arg [-L/usr/lib/../lib64] ==> dir [/usr/lib/../lib64]
    arg [-L/opt/apps/ossw/applications/gcc/gcc-6.1/c7/lib/gcc/x86_64-pc-linux-gnu/6.1.0/../../..] ==> dir [/opt/apps/ossw/applications/gcc/gcc-6.1/c7/lib/gcc/x86_64-pc-linux-gnu/6.1.0/../../..]
    arg [CMakeFiles/cmTC_236a4.dir/CMakeCXXCompilerABI.cpp.o] ==> ignore
    arg [-lstdc++] ==> lib [stdc++]
    arg [-lm] ==> lib [m]
    arg [-lgcc_s] ==> lib [gcc_s]
    arg [-lgcc] ==> lib [gcc]
    arg [-lc] ==> lib [c]
    arg [-lgcc_s] ==> lib [gcc_s]
    arg [-lgcc] ==> lib [gcc]
    arg [/opt/apps/ossw/applications/gcc/gcc-6.1/c7/lib/gcc/x86_64-pc-linux-gnu/6.1.0/crtend.o] ==> ignore
    arg [/lib/../lib64/crtn.o] ==> ignore
  remove lib [gcc_s]
  remove lib [gcc]
  remove lib [gcc_s]
  remove lib [gcc]
  collapse library dir [/opt/apps/ossw/applications/gcc/gcc-6.1/c7/lib/gcc/x86_64-pc-linux-gnu/6.1.0] ==> [/opt/apps/ossw/applications/gcc/gcc-6.1/c7/lib/gcc/x86_64-pc-linux-gnu/6.1.0]
  collapse library dir [/opt/apps/ossw/applications/gcc/gcc-6.1/c7/lib/gcc/x86_64-pc-linux-gnu/6.1.0/../../../../lib64] ==> [/opt/apps/ossw/applications/gcc/gcc-6.1/c7/lib64]
  collapse library dir [/lib/../lib64] ==> [/lib64]
  collapse library dir [/usr/lib/../lib64] ==> [/usr/lib64]
  collapse library dir [/opt/apps/ossw/applications/gcc/gcc-6.1/c7/lib/gcc/x86_64-pc-linux-gnu/6.1.0/../../..] ==> [/opt/apps/ossw/applications/gcc/gcc-6.1/c7/lib]
  implicit libs: [stdc++;m;c]
  implicit dirs: [/opt/apps/ossw/applications/gcc/gcc-6.1/c7/lib/gcc/x86_64-pc-linux-gnu/6.1.0;/opt/apps/ossw/applications/gcc/gcc-6.1/c7/lib64;/lib64;/usr/lib64;/opt/apps/ossw/applications/gcc/gcc-6.1/c7/lib]
  implicit fwks: []




Detecting CXX [-std=c++14] compiler features compiled with the following output:
Change Dir: /h2/kazbek/UT-CHG/dgswemv2/build/CMakeFiles/CMakeTmp

Run Build Command:"/usr/bin/gmake" "cmTC_b360b/fast"
/usr/bin/gmake -f CMakeFiles/cmTC_b360b.dir/build.make CMakeFiles/cmTC_b360b.dir/build
gmake[1]: Entering directory `/h2/kazbek/UT-CHG/dgswemv2/build/CMakeFiles/CMakeTmp'
Building CXX object CMakeFiles/cmTC_b360b.dir/feature_tests.cxx.o
/opt/apps/ossw/applications/gcc/gcc-6.1/c7/bin/g++    -std=c++14 -o CMakeFiles/cmTC_b360b.dir/feature_tests.cxx.o -c /h2/kazbek/UT-CHG/dgswemv2/build/CMakeFiles/feature_tests.cxx
Linking CXX executable cmTC_b360b
/opt/apps/ossw/applications/cmake/cmake-3.3.2/c7/gcc-6.1/bin/cmake -E cmake_link_script CMakeFiles/cmTC_b360b.dir/link.txt --verbose=1
/opt/apps/ossw/applications/gcc/gcc-6.1/c7/bin/g++        CMakeFiles/cmTC_b360b.dir/feature_tests.cxx.o  -o cmTC_b360b -rdynamic 
gmake[1]: Leaving directory `/h2/kazbek/UT-CHG/dgswemv2/build/CMakeFiles/CMakeTmp'


    Feature record: CXX_FEATURE:1cxx_aggregate_default_initializers
    Feature record: CXX_FEATURE:1cxx_alias_templates
    Feature record: CXX_FEATURE:1cxx_alignas
    Feature record: CXX_FEATURE:1cxx_alignof
    Feature record: CXX_FEATURE:1cxx_attributes
    Feature record: CXX_FEATURE:1cxx_attribute_deprecated
    Feature record: CXX_FEATURE:1cxx_auto_type
    Feature record: CXX_FEATURE:1cxx_binary_literals
    Feature record: CXX_FEATURE:1cxx_constexpr
    Feature record: CXX_FEATURE:1cxx_contextual_conversions
    Feature record: CXX_FEATURE:1cxx_decltype
    Feature record: CXX_FEATURE:1cxx_decltype_auto
    Feature record: CXX_FEATURE:1cxx_decltype_incomplete_return_types
    Feature record: CXX_FEATURE:1cxx_default_function_template_args
    Feature record: CXX_FEATURE:1cxx_defaulted_functions
    Feature record: CXX_FEATURE:1cxx_defaulted_move_initializers
    Feature record: CXX_FEATURE:1cxx_delegating_constructors
    Feature record: CXX_FEATURE:1cxx_deleted_functions
    Feature record: CXX_FEATURE:1cxx_digit_separators
    Feature record: CXX_FEATURE:1cxx_enum_forward_declarations
    Feature record: CXX_FEATURE:1cxx_explicit_conversions
    Feature record: CXX_FEATURE:1cxx_extended_friend_declarations
    Feature record: CXX_FEATURE:1cxx_extern_templates
    Feature record: CXX_FEATURE:1cxx_final
    Feature record: CXX_FEATURE:1cxx_func_identifier
    Feature record: CXX_FEATURE:1cxx_generalized_initializers
    Feature record: CXX_FEATURE:1cxx_generic_lambdas
    Feature record: CXX_FEATURE:1cxx_inheriting_constructors
    Feature record: CXX_FEATURE:1cxx_inline_namespaces
    Feature record: CXX_FEATURE:1cxx_lambdas
    Feature record: CXX_FEATURE:1cxx_lambda_init_captures
    Feature record: CXX_FEATURE:1cxx_local_type_template_args
    Feature record: CXX_FEATURE:1cxx_long_long_type
    Feature record: CXX_FEATURE:1cxx_noexcept
    Feature record: CXX_FEATURE:1cxx_nonstatic_member_init
    Feature record: CXX_FEATURE:1cxx_nullptr
    Feature record: CXX_FEATURE:1cxx_override
    Feature record: CXX_FEATURE:1cxx_range_for
    Feature record: CXX_FEATURE:1cxx_raw_string_literals
    Feature record: CXX_FEATURE:1cxx_reference_qualified_functions
    Feature record: CXX_FEATURE:1cxx_relaxed_constexpr
    Feature record: CXX_FEATURE:1cxx_return_type_deduction
    Feature record: CXX_FEATURE:1cxx_right_angle_brackets
    Feature record: CXX_FEATURE:1cxx_rvalue_references
    Feature record: CXX_FEATURE:1cxx_sizeof_member
    Feature record: CXX_FEATURE:1cxx_static_assert
    Feature record: CXX_FEATURE:1cxx_strong_enums
    Feature record: CXX_FEATURE:1cxx_template_template_parameters
    Feature record: CXX_FEATURE:1cxx_thread_local
    Feature record: CXX_FEATURE:1cxx_trailing_return_types
    Feature record: CXX_FEATURE:1cxx_unicode_literals
    Feature record: CXX_FEATURE:1cxx_uniform_initialization
    Feature record: CXX_FEATURE:1cxx_unrestricted_unions
    Feature record: CXX_FEATURE:1cxx_user_literals
    Feature record: CXX_FEATURE:1cxx_variable_templates
    Feature record: CXX_FEATURE:1cxx_variadic_macros
    Feature record: CXX_FEATURE:1cxx_variadic_templates


Detecting CXX [-std=c++11] compiler features compiled with the following output:
Change Dir: /h2/kazbek/UT-CHG/dgswemv2/build/CMakeFiles/CMakeTmp

Run Build Command:"/usr/bin/gmake" "cmTC_778c2/fast"
/usr/bin/gmake -f CMakeFiles/cmTC_778c2.dir/build.make CMakeFiles/cmTC_778c2.dir/build
gmake[1]: Entering directory `/h2/kazbek/UT-CHG/dgswemv2/build/CMakeFiles/CMakeTmp'
Building CXX object CMakeFiles/cmTC_778c2.dir/feature_tests.cxx.o
/opt/apps/ossw/applications/gcc/gcc-6.1/c7/bin/g++    -std=c++11 -o CMakeFiles/cmTC_778c2.dir/feature_tests.cxx.o -c /h2/kazbek/UT-CHG/dgswemv2/build/CMakeFiles/feature_tests.cxx
Linking CXX executable cmTC_778c2
/opt/apps/ossw/applications/cmake/cmake-3.3.2/c7/gcc-6.1/bin/cmake -E cmake_link_script CMakeFiles/cmTC_778c2.dir/link.txt --verbose=1
/opt/apps/ossw/applications/gcc/gcc-6.1/c7/bin/g++        CMakeFiles/cmTC_778c2.dir/feature_tests.cxx.o  -o cmTC_778c2 -rdynamic 
gmake[1]: Leaving directory `/h2/kazbek/UT-CHG/dgswemv2/build/CMakeFiles/CMakeTmp'


    Feature record: CXX_FEATURE:0cxx_aggregate_default_initializers
    Feature record: CXX_FEATURE:1cxx_alias_templates
    Feature record: CXX_FEATURE:1cxx_alignas
    Feature record: CXX_FEATURE:1cxx_alignof
    Feature record: CXX_FEATURE:1cxx_attributes
    Feature record: CXX_FEATURE:0cxx_attribute_deprecated
    Feature record: CXX_FEATURE:1cxx_auto_type
    Feature record: CXX_FEATURE:0cxx_binary_literals
    Feature record: CXX_FEATURE:1cxx_constexpr
    Feature record: CXX_FEATURE:0cxx_contextual_conversions
    Feature record: CXX_FEATURE:1cxx_decltype
    Feature record: CXX_FEATURE:0cxx_decltype_auto
    Feature record: CXX_FEATURE:1cxx_decltype_incomplete_return_types
    Feature record: CXX_FEATURE:1cxx_default_function_template_args
    Feature record: CXX_FEATURE:1cxx_defaulted_functions
    Feature record: CXX_FEATURE:1cxx_defaulted_move_initializers
    Feature record: CXX_FEATURE:1cxx_delegating_constructors
    Feature record: CXX_FEATURE:1cxx_deleted_functions
    Feature record: CXX_FEATURE:0cxx_digit_separators
    Feature record: CXX_FEATURE:1cxx_enum_forward_declarations
    Feature record: CXX_FEATURE:1cxx_explicit_conversions
    Feature record: CXX_FEATURE:1cxx_extended_friend_declarations
    Feature record: CXX_FEATURE:1cxx_extern_templates
    Feature record: CXX_FEATURE:1cxx_final
    Feature record: CXX_FEATURE:1cxx_func_identifier
    Feature record: CXX_FEATURE:1cxx_generalized_initializers
    Feature record: CXX_FEATURE:0cxx_generic_lambdas
    Feature record: CXX_FEATURE:1cxx_inheriting_constructors
    Feature record: CXX_FEATURE:1cxx_inline_namespaces
    Feature record: CXX_FEATURE:1cxx_lambdas
    Feature record: CXX_FEATURE:0cxx_lambda_init_captures
    Feature record: CXX_FEATURE:1cxx_local_type_template_args
    Feature record: CXX_FEATURE:1cxx_long_long_type
    Feature record: CXX_FEATURE:1cxx_noexcept
    Feature record: CXX_FEATURE:1cxx_nonstatic_member_init
    Feature record: CXX_FEATURE:1cxx_nullptr
    Feature record: CXX_FEATURE:1cxx_override
    Feature record: CXX_FEATURE:1cxx_range_for
    Feature record: CXX_FEATURE:1cxx_raw_string_literals
    Feature record: CXX_FEATURE:1cxx_reference_qualified_functions
    Feature record: CXX_FEATURE:0cxx_relaxed_constexpr
    Feature record: CXX_FEATURE:0cxx_return_type_deduction
    Feature record: CXX_FEATURE:1cxx_right_angle_brackets
    Feature record: CXX_FEATURE:1cxx_rvalue_references
    Feature record: CXX_FEATURE:1cxx_sizeof_member
    Feature record: CXX_FEATURE:1cxx_static_assert
    Feature record: CXX_FEATURE:1cxx_strong_enums
    Feature record: CXX_FEATURE:1cxx_template_template_parameters
    Feature record: CXX_FEATURE:1cxx_thread_local
    Feature record: CXX_FEATURE:1cxx_trailing_return_types
    Feature record: CXX_FEATURE:1cxx_unicode_literals
    Feature record: CXX_FEATURE:1cxx_uniform_initialization
    Feature record: CXX_FEATURE:1cxx_unrestricted_unions
    Feature record: CXX_FEATURE:1cxx_user_literals
    Feature record: CXX_FEATURE:0cxx_variable_templates
    Feature record: CXX_FEATURE:1cxx_variadic_macros
    Feature record: CXX_FEATURE:1cxx_variadic_templates


Detecting CXX [-std=c++98] compiler features compiled with the following output:
Change Dir: /h2/kazbek/UT-CHG/dgswemv2/build/CMakeFiles/CMakeTmp

Run Build Command:"/usr/bin/gmake" "cmTC_e0ebc/fast"
/usr/bin/gmake -f CMakeFiles/cmTC_e0ebc.dir/build.make CMakeFiles/cmTC_e0ebc.dir/build
gmake[1]: Entering directory `/h2/kazbek/UT-CHG/dgswemv2/build/CMakeFiles/CMakeTmp'
Building CXX object CMakeFiles/cmTC_e0ebc.dir/feature_tests.cxx.o
/opt/apps/ossw/applications/gcc/gcc-6.1/c7/bin/g++    -std=c++98 -o CMakeFiles/cmTC_e0ebc.dir/feature_tests.cxx.o -c /h2/kazbek/UT-CHG/dgswemv2/build/CMakeFiles/feature_tests.cxx
Linking CXX executable cmTC_e0ebc
/opt/apps/ossw/applications/cmake/cmake-3.3.2/c7/gcc-6.1/bin/cmake -E cmake_link_script CMakeFiles/cmTC_e0ebc.dir/link.txt --verbose=1
/opt/apps/ossw/applications/gcc/gcc-6.1/c7/bin/g++        CMakeFiles/cmTC_e0ebc.dir/feature_tests.cxx.o  -o cmTC_e0ebc -rdynamic 
gmake[1]: Leaving directory `/h2/kazbek/UT-CHG/dgswemv2/build/CMakeFiles/CMakeTmp'


    Feature record: CXX_FEATURE:0cxx_aggregate_default_initializers
    Feature record: CXX_FEATURE:0cxx_alias_templates
    Feature record: CXX_FEATURE:0cxx_alignas
    Feature record: CXX_FEATURE:0cxx_alignof
    Feature record: CXX_FEATURE:0cxx_attributes
    Feature record: CXX_FEATURE:0cxx_attribute_deprecated
    Feature record: CXX_FEATURE:0cxx_auto_type
    Feature record: CXX_FEATURE:0cxx_binary_literals
    Feature record: CXX_FEATURE:0cxx_constexpr
    Feature record: CXX_FEATURE:0cxx_contextual_conversions
    Feature record: CXX_FEATURE:0cxx_decltype
    Feature record: CXX_FEATURE:0cxx_decltype_auto
    Feature record: CXX_FEATURE:0cxx_decltype_incomplete_return_types
    Feature record: CXX_FEATURE:0cxx_default_function_template_args
    Feature record: CXX_FEATURE:0cxx_defaulted_functions
    Feature record: CXX_FEATURE:0cxx_defaulted_move_initializers
    Feature record: CXX_FEATURE:0cxx_delegating_constructors
    Feature record: CXX_FEATURE:0cxx_deleted_functions
    Feature record: CXX_FEATURE:0cxx_digit_separators
    Feature record: CXX_FEATURE:0cxx_enum_forward_declarations
    Feature record: CXX_FEATURE:0cxx_explicit_conversions
    Feature record: CXX_FEATURE:0cxx_extended_friend_declarations
    Feature record: CXX_FEATURE:0cxx_extern_templates
    Feature record: CXX_FEATURE:0cxx_final
    Feature record: CXX_FEATURE:0cxx_func_identifier
    Feature record: CXX_FEATURE:0cxx_generalized_initializers
    Feature record: CXX_FEATURE:0cxx_generic_lambdas
    Feature record: CXX_FEATURE:0cxx_inheriting_constructors
    Feature record: CXX_FEATURE:0cxx_inline_namespaces
    Feature record: CXX_FEATURE:0cxx_lambdas
    Feature record: CXX_FEATURE:0cxx_lambda_init_captures
    Feature record: CXX_FEATURE:0cxx_local_type_template_args
    Feature record: CXX_FEATURE:0cxx_long_long_type
    Feature record: CXX_FEATURE:0cxx_noexcept
    Feature record: CXX_FEATURE:0cxx_nonstatic_member_init
    Feature record: CXX_FEATURE:0cxx_nullptr
    Feature record: CXX_FEATURE:0cxx_override
    Feature record: CXX_FEATURE:0cxx_range_for
    Feature record: CXX_FEATURE:0cxx_raw_string_literals
    Feature record: CXX_FEATURE:0cxx_reference_qualified_functions
    Feature record: CXX_FEATURE:0cxx_relaxed_constexpr
    Feature record: CXX_FEATURE:0cxx_return_type_deduction
    Feature record: CXX_FEATURE:0cxx_right_angle_brackets
    Feature record: CXX_FEATURE:0cxx_rvalue_references
    Feature record: CXX_FEATURE:0cxx_sizeof_member
    Feature record: CXX_FEATURE:0cxx_static_assert
    Feature record: CXX_FEATURE:0cxx_strong_enums
    Feature record: CXX_FEATURE:1cxx_template_template_parameters
    Feature record: CXX_FEATURE:0cxx_thread_local
    Feature record: CXX_FEATURE:0cxx_trailing_return_types
    Feature record: CXX_FEATURE:0cxx_unicode_literals
    Feature record: CXX_FEATURE:0cxx_uniform_initialization
    Feature record: CXX_FEATURE:0cxx_unrestricted_unions
    Feature record: CXX_FEATURE:0cxx_user_literals
    Feature record: CXX_FEATURE:0cxx_variable_templates
    Feature record: CXX_FEATURE:0cxx_variadic_macros
    Feature record: CXX_FEATURE:0cxx_variadic_templates
